Build started 20/02/2017 14:52:19.
     1>Project "C:\Users\b3014342\Desktop\TLFAssessment2\CheckersDLL\CheckersDLL\CheckersDLL.vcxproj" on node 2 (Build target(s)).
     1>ClCompile:
         C:\Program Files (x86)\Microsoft Visual Studio 12.0\VC\bin\CL.exe /c /ZI /nologo /W3 /WX- /sdl /Od /Oy- /D WIN32 /D _DEBUG /D _WINDOWS /D _USRDLL /D CHECKERSDLL_EXPORTS /D _WINDLL /D _UNICODE /D UNICODE /Gm /EHsc /RTC1 /MDd /GS /fp:precise /Zc:wchar_t /Zc:forScope /Fo"Debug\\" /Fd"Debug\vc120.pdb" /Gd /TP /analyze- /errorReport:prompt ..\..\Seq\checkersboard.cpp ..\..\Seq\CheckersSearch.cpp ..\..\Seq\HumanPlayer.cpp ..\..\Seq\main.cpp ..\..\Seq\PerformanceAnalyzer.cpp
         PerformanceAnalyzer.cpp
         main.cpp
         HumanPlayer.cpp
         CheckersSearch.cpp
     1>c:\users\b3014342\desktop\tlfassessment2\seq\checkerssearch.cpp(340): warning C4244: 'initializing' : conversion from 'int' to 'const float', possible loss of data
     1>c:\users\b3014342\desktop\tlfassessment2\seq\checkerssearch.cpp(342): warning C4244: '=' : conversion from 'int' to 'float', possible loss of data
     1>c:\users\b3014342\desktop\tlfassessment2\seq\checkerssearch.cpp(345): warning C4244: '=' : conversion from 'int' to 'float', possible loss of data
         checkersboard.cpp
         Generating Code...
       Link:
         C:\Program Files (x86)\Microsoft Visual Studio 12.0\VC\bin\link.exe /ERRORREPORT:PROMPT /OUT:"C:\Users\b3014342\Desktop\TLFAssessment2\CheckersDLL\Debug\CheckersDLL.dll" /INCREMENTAL /NOLOGO kernel32.lib user32.lib gdi32.lib winspool.lib comdlg32.lib advapi32.lib shell32.lib ole32.lib oleaut32.lib uuid.lib odbc32.lib odbccp32.lib /MANIFEST /MANIFESTUAC:"level='asInvoker' uiAccess='false'" /manifest:embed /DEBUG /PDB:"C:\Users\b3014342\Desktop\TLFAssessment2\CheckersDLL\Debug\CheckersDLL.pdb" /SUBSYSTEM:WINDOWS /TLBID:1 /DYNAMICBASE /NXCOMPAT /IMPLIB:"C:\Users\b3014342\Desktop\TLFAssessment2\CheckersDLL\Debug\CheckersDLL.lib" /MACHINE:X86 /DLL Debug\checkersboard.obj
         Debug\CheckersSearch.obj
         Debug\HumanPlayer.obj
         Debug\main.obj
         Debug\PerformanceAnalyzer.obj
         CheckersDLL.vcxproj -> C:\Users\b3014342\Desktop\TLFAssessment2\CheckersDLL\Debug\CheckersDLL.dll
     1>Done Building Project "C:\Users\b3014342\Desktop\TLFAssessment2\CheckersDLL\CheckersDLL\CheckersDLL.vcxproj" (Build target(s)).

Build succeeded.

Time Elapsed 00:00:05.48
