Build started 02/03/2017 23:30:22.
     1>Project "C:\Users\mohamed\Desktop\TLFAssessment2\CheckersDLL\Cuda\Cuda.vcxproj" on node 3 (Build target(s)).
     1>AddCudaCompileDeps:
         C:\Program Files (x86)\Microsoft Visual Studio 12.0\VC\bin\x86_amd64\cl.exe /E /nologo /showIncludes /TP /D__CUDACC__ /DWIN32 /DWIN64 /DNDEBUG /D_CONSOLE /D_MBCS /I"C:\Program Files\NVIDIA GPU Computing Toolkit\CUDA\v7.5\include" /I"C:\Program Files\NVIDIA GPU Computing Toolkit\CUDA\v7.5\bin" /I"C:\Program Files\NVIDIA GPU Computing Toolkit\CUDA\v7.5\include" /I. /FIcuda_runtime.h /c C:\Users\mohamed\Desktop\TLFAssessment2\CheckersDLL\Cuda\bfskernels.cu 
       AddCudaCompileDeps:
         C:\Program Files (x86)\Microsoft Visual Studio 12.0\VC\bin\x86_amd64\cl.exe /E /nologo /showIncludes /TP /D__CUDACC__ /DWIN32 /DWIN64 /DNDEBUG /D_CONSOLE /D_MBCS /I"C:\Program Files\NVIDIA GPU Computing Toolkit\CUDA\v7.5\include" /I"C:\Program Files\NVIDIA GPU Computing Toolkit\CUDA\v7.5\bin" /I"C:\Program Files\NVIDIA GPU Computing Toolkit\CUDA\v7.5\include" /I. /FIcuda_runtime.h /c C:\Users\mohamed\Desktop\TLFAssessment2\CheckersDLL\Cuda\main.cu 
       AddCudaCompileDeps:
         C:\Program Files (x86)\Microsoft Visual Studio 12.0\VC\bin\x86_amd64\cl.exe /E /nologo /showIncludes /TP /D__CUDACC__ /DWIN32 /DWIN64 /DNDEBUG /D_CONSOLE /D_MBCS /I"C:\Program Files\NVIDIA GPU Computing Toolkit\CUDA\v7.5\include" /I"C:\Program Files\NVIDIA GPU Computing Toolkit\CUDA\v7.5\bin" /I"C:\Program Files\NVIDIA GPU Computing Toolkit\CUDA\v7.5\include" /I. /FIcuda_runtime.h /c C:\Users\mohamed\Desktop\TLFAssessment2\CheckersDLL\Cuda\support.cu 
       CudaBuild:
         Compiling CUDA source file bfskernels.cu...
         cmd.exe /C "C:\Users\mohamed\AppData\Local\Temp\tmp59c9a2eff82a431c95227ed3621d0389.cmd"
         "C:\Program Files\NVIDIA GPU Computing Toolkit\CUDA\v7.5\bin\nvcc.exe" -gencode=arch=compute_20,code=\"sm_20,compute_20\" --use-local-env --cl-version 2013 -ccbin "C:\Program Files (x86)\Microsoft Visual Studio 12.0\VC\bin\x86_amd64"  -I"C:\Program Files\NVIDIA GPU Computing Toolkit\CUDA\v7.5\include" -I"C:\Program Files\NVIDIA GPU Computing Toolkit\CUDA\v7.5\include"     --keep-dir x64\Release -maxrregcount=0  --machine 64 --compile -cudart static     -DWIN32 -DWIN64 -DNDEBUG -D_CONSOLE -D_MBCS -Xcompiler "/EHsc /W3 /nologo /O2 /Zi  /MD " -o x64\Release\bfskernels.cu.obj "C:\Users\mohamed\Desktop\TLFAssessment2\CheckersDLL\Cuda\bfskernels.cu"
         
         C:\Users\mohamed\Desktop\TLFAssessment2\CheckersDLL\Cuda>"C:\Program Files\NVIDIA GPU Computing Toolkit\CUDA\v7.5\bin\nvcc.exe" -gencode=arch=compute_20,code=\"sm_20,compute_20\" --use-local-env --cl-version 2013 -ccbin "C:\Program Files (x86)\Microsoft Visual Studio 12.0\VC\bin\x86_amd64"  -I"C:\Program Files\NVIDIA GPU Computing Toolkit\CUDA\v7.5\include" -I"C:\Program Files\NVIDIA GPU Computing Toolkit\CUDA\v7.5\include"     --keep-dir x64\Release -maxrregcount=0  --machine 64 --compile -cudart static     -DWIN32 -DWIN64 -DNDEBUG -D_CONSOLE -D_MBCS -Xcompiler "/EHsc /W3 /nologo /O2 /Zi  /MD " -o x64\Release\bfskernels.cu.obj "C:\Users\mohamed\Desktop\TLFAssessment2\CheckersDLL\Cuda\bfskernels.cu" 
     1>C:/Users/mohamed/Desktop/TLFAssessment2/CheckersDLL/Cuda/bfskernels.cu(298): warning : integer conversion resulted in a change of sign
     1>C:/Users/mohamed/Desktop/TLFAssessment2/CheckersDLL/Cuda/bfskernels.cu(274): warning : __shared__ memory variable with non-empty constructor or destructor (potential race between threads)
     1>C:/Users/mohamed/Desktop/TLFAssessment2/CheckersDLL/Cuda/bfskernels.cu(275): warning : __shared__ memory variable with non-empty constructor or destructor (potential race between threads)
     1>C:/Users/mohamed/Desktop/TLFAssessment2/CheckersDLL/Cuda/bfskernels.cu(276): warning : __shared__ memory variable with non-empty constructor or destructor (potential race between threads)
     1>C:/Users/mohamed/Desktop/TLFAssessment2/CheckersDLL/Cuda/bfskernels.cu(280): warning : __shared__ memory variable with non-empty constructor or destructor (potential race between threads)
     1>C:/Users/mohamed/Desktop/TLFAssessment2/CheckersDLL/Cuda/bfskernels.cu(298): warning : integer conversion resulted in a change of sign
         bfskernels.cu
     1>c:\users\mohamed\desktop\tlfassessment2\checkersdll\cuda\../CheckersDLL/checkersboard.cpp(240): warning C4267: 'argument' : conversion from 'size_t' to 'unsigned int', possible loss of data
     1>C:/Users/mohamed/Desktop/TLFAssessment2/CheckersDLL/Cuda/bfskernels.cu(373): warning C4244: '=' : conversion from 'float' to 'unsigned int', possible loss of data
     1>C:/Users/mohamed/Desktop/TLFAssessment2/CheckersDLL/Cuda/bfskernels.cu(374): warning C4244: '=' : conversion from 'float' to 'unsigned int', possible loss of data
     1>C:/Users/mohamed/Desktop/TLFAssessment2/CheckersDLL/Cuda/bfskernels.cu(417): warning C4244: '=' : conversion from 'float' to 'unsigned int', possible loss of data
       CudaBuild:
         Skipping CUDA source file kernel.cu (excluded from build).
       CudaBuild:
         Compiling CUDA source file main.cu...
         cmd.exe /C "C:\Users\mohamed\AppData\Local\Temp\tmp50fb19aebd5643ae875135ed6f6ac134.cmd"
         "C:\Program Files\NVIDIA GPU Computing Toolkit\CUDA\v7.5\bin\nvcc.exe" -gencode=arch=compute_20,code=\"sm_20,compute_20\" --use-local-env --cl-version 2013 -ccbin "C:\Program Files (x86)\Microsoft Visual Studio 12.0\VC\bin\x86_amd64"  -I"C:\Program Files\NVIDIA GPU Computing Toolkit\CUDA\v7.5\include" -I"C:\Program Files\NVIDIA GPU Computing Toolkit\CUDA\v7.5\include"     --keep-dir x64\Release -maxrregcount=0  --machine 64 --compile -cudart static     -DWIN32 -DWIN64 -DNDEBUG -D_CONSOLE -D_MBCS -Xcompiler "/EHsc /W3 /nologo /O2 /Zi  /MD " -o x64\Release\main.cu.obj "C:\Users\mohamed\Desktop\TLFAssessment2\CheckersDLL\Cuda\main.cu"
         
         C:\Users\mohamed\Desktop\TLFAssessment2\CheckersDLL\Cuda>"C:\Program Files\NVIDIA GPU Computing Toolkit\CUDA\v7.5\bin\nvcc.exe" -gencode=arch=compute_20,code=\"sm_20,compute_20\" --use-local-env --cl-version 2013 -ccbin "C:\Program Files (x86)\Microsoft Visual Studio 12.0\VC\bin\x86_amd64"  -I"C:\Program Files\NVIDIA GPU Computing Toolkit\CUDA\v7.5\include" -I"C:\Program Files\NVIDIA GPU Computing Toolkit\CUDA\v7.5\include"     --keep-dir x64\Release -maxrregcount=0  --machine 64 --compile -cudart static     -DWIN32 -DWIN64 -DNDEBUG -D_CONSOLE -D_MBCS -Xcompiler "/EHsc /W3 /nologo /O2 /Zi  /MD " -o x64\Release\main.cu.obj "C:\Users\mohamed\Desktop\TLFAssessment2\CheckersDLL\Cuda\main.cu" 
     1>c:\users\mohamed\desktop\tlfassessment2\checkersdll\cuda\kernel.cu(198): warning : __shared__ memory variable with non-empty constructor or destructor (potential race between threads)
         main.cu
     1>c:\users\mohamed\desktop\tlfassessment2\checkersdll\cuda\../CheckersDLL/checkersboard.cpp(240): warning C4267: 'argument' : conversion from 'size_t' to 'unsigned int', possible loss of data
       CudaBuild:
         Compiling CUDA source file support.cu...
         cmd.exe /C "C:\Users\mohamed\AppData\Local\Temp\tmp4fd05fdc80e44b6e91a5e8eecd2cf170.cmd"
         "C:\Program Files\NVIDIA GPU Computing Toolkit\CUDA\v7.5\bin\nvcc.exe" -gencode=arch=compute_20,code=\"sm_20,compute_20\" --use-local-env --cl-version 2013 -ccbin "C:\Program Files (x86)\Microsoft Visual Studio 12.0\VC\bin\x86_amd64"  -I"C:\Program Files\NVIDIA GPU Computing Toolkit\CUDA\v7.5\include" -I"C:\Program Files\NVIDIA GPU Computing Toolkit\CUDA\v7.5\include"     --keep-dir x64\Release -maxrregcount=0  --machine 64 --compile -cudart static     -DWIN32 -DWIN64 -DNDEBUG -D_CONSOLE -D_MBCS -Xcompiler "/EHsc /W3 /nologo /O2 /Zi  /MD " -o x64\Release\support.cu.obj "C:\Users\mohamed\Desktop\TLFAssessment2\CheckersDLL\Cuda\support.cu"
         
         C:\Users\mohamed\Desktop\TLFAssessment2\CheckersDLL\Cuda>"C:\Program Files\NVIDIA GPU Computing Toolkit\CUDA\v7.5\bin\nvcc.exe" -gencode=arch=compute_20,code=\"sm_20,compute_20\" --use-local-env --cl-version 2013 -ccbin "C:\Program Files (x86)\Microsoft Visual Studio 12.0\VC\bin\x86_amd64"  -I"C:\Program Files\NVIDIA GPU Computing Toolkit\CUDA\v7.5\include" -I"C:\Program Files\NVIDIA GPU Computing Toolkit\CUDA\v7.5\include"     --keep-dir x64\Release -maxrregcount=0  --machine 64 --compile -cudart static     -DWIN32 -DWIN64 -DNDEBUG -D_CONSOLE -D_MBCS -Xcompiler "/EHsc /W3 /nologo /O2 /Zi  /MD " -o x64\Release\support.cu.obj "C:\Users\mohamed\Desktop\TLFAssessment2\CheckersDLL\Cuda\support.cu" 
         support.cu
       ClCompile:
         C:\Program Files (x86)\Microsoft Visual Studio 12.0\VC\bin\x86_amd64\CL.exe /c /I"C:\Program Files\NVIDIA GPU Computing Toolkit\CUDA\v7.5\include" /Zi /nologo /W3 /WX- /O2 /Oi /GL /D WIN32 /D WIN64 /D NDEBUG /D _CONSOLE /D _MBCS /Gm- /EHsc /MD /GS /Gy /fp:precise /Zc:wchar_t /Zc:forScope /Fo"x64\Release\\" /Fd"x64\Release\vc120.pdb" /Gd /TP /errorReport:prompt bfs.cpp
         bfs.cpp
     1>c:\users\mohamed\desktop\tlfassessment2\checkersdll\cuda\../CheckersDLL/checkersboard.cpp(240): warning C4267: 'argument' : conversion from 'size_t' to 'unsigned int', possible loss of data
     1>bfs.cpp(53): warning C4267: 'argument' : conversion from 'size_t' to 'unsigned int', possible loss of data
     1>bfs.cpp(55): warning C4267: 'argument' : conversion from 'size_t' to 'unsigned int', possible loss of data
     1>bfs.cpp(63): warning C4267: 'argument' : conversion from 'size_t' to 'unsigned int', possible loss of data
     1>bfs.cpp(65): warning C4267: 'argument' : conversion from 'size_t' to 'unsigned int', possible loss of data
     1>bfs.cpp(70): warning C4267: 'initializing' : conversion from 'size_t' to 'unsigned int', possible loss of data
     1>bfs.cpp(75): warning C4267: 'initializing' : conversion from 'size_t' to 'unsigned int', possible loss of data
     1>bfs.cpp(158): warning C4267: 'initializing' : conversion from 'size_t' to 'unsigned int', possible loss of data
     1>bfs.cpp(385): warning C4267: '=' : conversion from 'size_t' to 'int', possible loss of data
     1>bfs.cpp(394): warning C4267: 'initializing' : conversion from 'size_t' to 'int', possible loss of data
     1>bfs.cpp(411): warning C4244: 'initializing' : conversion from 'int' to 'float', possible loss of data
     1>bfs.cpp(416): warning C4244: '=' : conversion from 'int' to 'float', possible loss of data
     1>bfs.cpp(427): warning C4244: '=' : conversion from 'int' to 'float', possible loss of data
     1>bfs.cpp(575): warning C4267: 'initializing' : conversion from 'size_t' to 'int', possible loss of data
     1>bfs.cpp(604): warning C4244: 'initializing' : conversion from 'int' to 'const float', possible loss of data
     1>bfs.cpp(667): warning C4244: '=' : conversion from 'int' to 'float', possible loss of data
     1>bfs.cpp(676): warning C4244: '=' : conversion from 'int' to 'float', possible loss of data
       Link:
         C:\Program Files (x86)\Microsoft Visual Studio 12.0\VC\bin\x86_amd64\link.exe /ERRORREPORT:PROMPT /OUT:"C:\Users\mohamed\Desktop\TLFAssessment2\CheckersDLL\x64\Release\Cuda.exe" /NOLOGO /LIBPATH:"C:\Program Files\NVIDIA GPU Computing Toolkit\CUDA\v7.5\lib\x64" cudart.lib kernel32.lib user32.lib gdi32.lib winspool.lib comdlg32.lib advapi32.lib shell32.lib ole32.lib oleaut32.lib uuid.lib odbc32.lib odbccp32.lib kernel32.lib user32.lib gdi32.lib winspool.lib comdlg32.lib advapi32.lib shell32.lib ole32.lib oleaut32.lib uuid.lib odbc32.lib odbccp32.lib /MANIFEST /MANIFESTUAC:"level='asInvoker' uiAccess='false'" /manifest:embed /DEBUG /PDB:"C:\Users\mohamed\Desktop\TLFAssessment2\CheckersDLL\x64\Release\Cuda.pdb" /SUBSYSTEM:CONSOLE /OPT:REF /OPT:ICF /LTCG /TLBID:1 /DYNAMICBASE /NXCOMPAT /IMPLIB:"C:\Users\mohamed\Desktop\TLFAssessment2\CheckersDLL\x64\Release\Cuda.lib" /MACHINE:X64 x64\Release\bfskernels.cu.obj
         x64\Release\main.cu.obj
         x64\Release\support.cu.obj
         x64\Release\bfs.obj
         Generating code
         Finished generating code
         Cuda.vcxproj -> C:\Users\mohamed\Desktop\TLFAssessment2\CheckersDLL\x64\Release\Cuda.exe
       PostBuildEvent:
         echo copy "C:\Program Files\NVIDIA GPU Computing Toolkit\CUDA\v7.5\bin\cudart*.dll" "C:\Users\mohamed\Desktop\TLFAssessment2\CheckersDLL\x64\Release\"
         copy "C:\Program Files\NVIDIA GPU Computing Toolkit\CUDA\v7.5\bin\cudart*.dll" "C:\Users\mohamed\Desktop\TLFAssessment2\CheckersDLL\x64\Release\"
         :VCEnd
         copy "C:\Program Files\NVIDIA GPU Computing Toolkit\CUDA\v7.5\bin\cudart*.dll" "C:\Users\mohamed\Desktop\TLFAssessment2\CheckersDLL\x64\Release\"
         C:\Program Files\NVIDIA GPU Computing Toolkit\CUDA\v7.5\bin\cudart32_75.dll
         C:\Program Files\NVIDIA GPU Computing Toolkit\CUDA\v7.5\bin\cudart64_75.dll
                 2 file(s) copied.
     1>Done Building Project "C:\Users\mohamed\Desktop\TLFAssessment2\CheckersDLL\Cuda\Cuda.vcxproj" (Build target(s)).

Build succeeded.

Time Elapsed 00:01:06.40
