Build started 02/03/2017 23:30:22.
     1>Project "C:\Users\mohamed\Desktop\TLFAssessment2\CheckersDLL\CheckersDLL\CheckersDLL.vcxproj" on node 2 (Build target(s)).
     1>ClCompile:
         C:\Program Files (x86)\Microsoft Visual Studio 12.0\VC\bin\x86_amd64\CL.exe /c /Zi /nologo /W3 /WX- /sdl /O2 /Oi /GL /D WIN32 /D NDEBUG /D _WINDOWS /D _USRDLL /D CHECKERSDLL_EXPORTS /D _WINDLL /D _UNICODE /D UNICODE /Gm- /EHsc /MD /GS /Gy /fp:precise /Zc:wchar_t /Zc:forScope /Fo"x64\Release\\" /Fd"x64\Release\vc120.pdb" /Gd /TP /errorReport:prompt checkersboard.cpp CheckersDLL.cpp CheckersSearch.cpp HumanPlayer.cpp main.cpp PerformanceAnalyzer.cpp
         checkersboard.cpp
     1>checkersboard.cpp(240): warning C4267: 'argument' : conversion from 'size_t' to 'unsigned int', possible loss of data
         CheckersDLL.cpp
     1>c:\users\mohamed\desktop\tlfassessment2\checkersdll\checkersdll\checkersboard.cpp(240): warning C4267: 'argument' : conversion from 'size_t' to 'unsigned int', possible loss of data
     1>CheckersDLL.cpp(6): warning C4273: 'ChangeDepth' : inconsistent dll linkage
                 c:\users\mohamed\desktop\tlfassessment2\checkersdll\checkersdll\CheckersDLL.h(15) : see previous definition of 'ChangeDepth'
     1>CheckersDLL.cpp(11): warning C4273: 'GetDepth' : inconsistent dll linkage
                 c:\users\mohamed\desktop\tlfassessment2\checkersdll\checkersdll\CheckersDLL.h(16) : see previous definition of 'GetDepth'
     1>CheckersDLL.cpp(16): warning C4273: 'GetPiece' : inconsistent dll linkage
                 c:\users\mohamed\desktop\tlfassessment2\checkersdll\checkersdll\CheckersDLL.h(18) : see previous definition of 'GetPiece'
     1>CheckersDLL.cpp(21): warning C4273: 'ResetBoard' : inconsistent dll linkage
                 c:\users\mohamed\desktop\tlfassessment2\checkersdll\checkersdll\CheckersDLL.h(19) : see previous definition of 'ResetBoard'
     1>CheckersDLL.cpp(26): warning C4273: 'Clear' : inconsistent dll linkage
                 c:\users\mohamed\desktop\tlfassessment2\checkersdll\checkersdll\CheckersDLL.h(20) : see previous definition of 'Clear'
     1>CheckersDLL.cpp(31): warning C4273: 'SearchMove' : inconsistent dll linkage
                 c:\users\mohamed\desktop\tlfassessment2\checkersdll\checkersdll\CheckersDLL.h(21) : see previous definition of 'SearchMove'
     1>CheckersDLL.cpp(36): warning C4273: 'UpdateBoardWithMove' : inconsistent dll linkage
                 c:\users\mohamed\desktop\tlfassessment2\checkersdll\checkersdll\CheckersDLL.h(22) : see previous definition of 'UpdateBoardWithMove'
     1>CheckersDLL.cpp(43): warning C4273: 'UpdateBoardWithCapture' : inconsistent dll linkage
                 c:\users\mohamed\desktop\tlfassessment2\checkersdll\checkersdll\CheckersDLL.h(23) : see previous definition of 'UpdateBoardWithCapture'
     1>CheckersDLL.cpp(52): warning C4273: 'SetP1Man' : inconsistent dll linkage
                 c:\users\mohamed\desktop\tlfassessment2\checkersdll\checkersdll\CheckersDLL.h(25) : see previous definition of 'SetP1Man'
     1>CheckersDLL.cpp(57): warning C4273: 'SetP2Man' : inconsistent dll linkage
                 c:\users\mohamed\desktop\tlfassessment2\checkersdll\checkersdll\CheckersDLL.h(26) : see previous definition of 'SetP2Man'
     1>CheckersDLL.cpp(62): warning C4273: 'SetP1King' : inconsistent dll linkage
                 c:\users\mohamed\desktop\tlfassessment2\checkersdll\checkersdll\CheckersDLL.h(28) : see previous definition of 'SetP1King'
     1>CheckersDLL.cpp(67): warning C4273: 'SetP2King' : inconsistent dll linkage
                 c:\users\mohamed\desktop\tlfassessment2\checkersdll\checkersdll\CheckersDLL.h(29) : see previous definition of 'SetP2King'
         CheckersSearch.cpp
     1>c:\users\mohamed\desktop\tlfassessment2\checkersdll\checkersdll\checkersboard.cpp(240): warning C4267: 'argument' : conversion from 'size_t' to 'unsigned int', possible loss of data
     1>CheckersSearch.cpp(131): warning C4267: 'argument' : conversion from 'size_t' to 'unsigned int', possible loss of data
     1>CheckersSearch.cpp(340): warning C4244: 'initializing' : conversion from 'int' to 'const float', possible loss of data
     1>CheckersSearch.cpp(342): warning C4244: '=' : conversion from 'int' to 'float', possible loss of data
     1>CheckersSearch.cpp(345): warning C4244: '=' : conversion from 'int' to 'float', possible loss of data
         HumanPlayer.cpp
     1>c:\users\mohamed\desktop\tlfassessment2\checkersdll\checkersdll\checkersboard.cpp(240): warning C4267: 'argument' : conversion from 'size_t' to 'unsigned int', possible loss of data
         main.cpp
     1>c:\users\mohamed\desktop\tlfassessment2\checkersdll\checkersdll\checkersboard.cpp(240): warning C4267: 'argument' : conversion from 'size_t' to 'unsigned int', possible loss of data
         PerformanceAnalyzer.cpp
       Link:
         C:\Program Files (x86)\Microsoft Visual Studio 12.0\VC\bin\x86_amd64\link.exe /ERRORREPORT:PROMPT /OUT:"C:\Users\mohamed\Desktop\TLFAssessment2\CheckersDLL\x64\Release\CheckersDLL.dll" /INCREMENTAL:NO /NOLOGO kernel32.lib user32.lib gdi32.lib winspool.lib comdlg32.lib advapi32.lib shell32.lib ole32.lib oleaut32.lib uuid.lib odbc32.lib odbccp32.lib /MANIFEST /MANIFESTUAC:"level='asInvoker' uiAccess='false'" /manifest:embed /DEBUG /PDB:"C:\Users\mohamed\Desktop\TLFAssessment2\CheckersDLL\x64\Release\CheckersDLL.pdb" /SUBSYSTEM:WINDOWS /OPT:REF /OPT:ICF /LTCG /TLBID:1 /DYNAMICBASE /NXCOMPAT /IMPLIB:"C:\Users\mohamed\Desktop\TLFAssessment2\CheckersDLL\x64\Release\CheckersDLL.lib" /MACHINE:X64 /DLL x64\Release\checkersboard.obj
         x64\Release\CheckersDLL.obj
         x64\Release\CheckersSearch.obj
         x64\Release\HumanPlayer.obj
         x64\Release\main.obj
         x64\Release\PerformanceAnalyzer.obj
            Creating library C:\Users\mohamed\Desktop\TLFAssessment2\CheckersDLL\x64\Release\CheckersDLL.lib and object C:\Users\mohamed\Desktop\TLFAssessment2\CheckersDLL\x64\Release\CheckersDLL.exp
         Generating code
         Finished generating code
         CheckersDLL.vcxproj -> C:\Users\mohamed\Desktop\TLFAssessment2\CheckersDLL\x64\Release\CheckersDLL.dll
     1>Done Building Project "C:\Users\mohamed\Desktop\TLFAssessment2\CheckersDLL\CheckersDLL\CheckersDLL.vcxproj" (Build target(s)).

Build succeeded.

Time Elapsed 00:00:12.08
